2017/07/12 23:01:01 [error] 4450#0: *2402 lua entry thread aborted: runtime error: ./frame/app.lua:34: attempt to index local 'db' (a nil value)
stack traceback:
coroutine 0:
	./frame/app.lua: in function 'new_db'
	./app/controller/index.lua:10: in function 'run'
	./frame/app.lua:27: in function 'run'
	/Users/wanhehan/openresty/app/index.lua:3: in function </Users/wanhehan/openresty/app/index.lua:1>, client: 127.0.0.1, server: local.app.com, request: "GET /index HTTP/1.1", host: "local.app.com:8090"
2017/07/12 23:01:59 [notice] 4466#0: signal process started
2017/07/12 23:02:03 [error] 4468#0: *2403 lua entry thread aborted: runtime error: ./frame/app.lua:35: attempt to index local 'db' (a nil value)
stack traceback:
coroutine 0:
	./frame/app.lua: in function 'new_db'
	./app/controller/index.lua:10: in function 'run'
	./frame/app.lua:27: in function 'run'
	/Users/wanhehan/openresty/app/index.lua:3: in function </Users/wanhehan/openresty/app/index.lua:1>, client: 127.0.0.1, server: local.app.com, request: "GET /index HTTP/1.1", host: "local.app.com:8090"
2017/07/12 23:06:05 [notice] 4500#0: signal process started
2017/07/12 23:06:07 [notice] 4506#0: signal process started
2017/07/12 23:06:11 [error] 4507#0: *2404 lua entry thread aborted: runtime error: ./frame/app.lua:32: bad argument #1 to 'say' (non-array table found)
stack traceback:
coroutine 0:
	[C]: in function 'say'
	./frame/app.lua:32: in function 'new_db'
	./app/controller/index.lua:10: in function 'run'
	./frame/app.lua:25: in function 'run'
	/Users/wanhehan/openresty/app/index.lua:3: in function </Users/wanhehan/openresty/app/index.lua:1>, client: 127.0.0.1, server: local.app.com, request: "GET /index HTTP/1.1", host: "local.app.com:8090"
2017/07/12 23:06:32 [notice] 4515#0: signal process started
2017/07/12 23:07:05 [notice] 4527#0: signal process started
2017/07/12 23:07:09 [error] 4528#0: *2407 lua entry thread aborted: runtime error: ./app/controller/index.lua:10: attempt to call method 'instance' (a table value)
stack traceback:
coroutine 0:
	./app/controller/index.lua: in function 'run'
	./frame/app.lua:25: in function 'run'
	/Users/wanhehan/openresty/app/index.lua:3: in function </Users/wanhehan/openresty/app/index.lua:1>, client: 127.0.0.1, server: local.app.com, request: "GET /index HTTP/1.1", host: "local.app.com:8090"
2017/07/12 23:12:41 [notice] 4567#0: signal process started
2017/07/12 23:18:22 [notice] 4614#0: signal process started
2017/07/12 23:18:23 [error] 4616#0: *2411 lua entry thread aborted: runtime error: ./frame/db/redis.lua:1: module 'frame.db.base' not found:
	no field package.preload['frame.db.base']
	no file '/usr/local/openresty/site/lualib/frame/db/base.lua'
	no file '/usr/local/openresty/site/lualib/frame/db/base/init.lua'
	no file '/usr/local/openresty/lualib/frame/db/base.lua'
	no file '/usr/local/openresty/lualib/frame/db/base/init.lua'
	no file './frame/db/base.lua'
	no file '/usr/local/openresty/luajit/share/luajit-2.1.0-beta2/frame/db/base.lua'
	no file '/usr/local/share/lua/5.1/frame/db/base.lua'
	no file '/usr/local/share/lua/5.1/frame/db/base/init.lua'
	no file '/usr/local/openresty/luajit/share/lua/5.1/frame/db/base.lua'
	no file '/usr/local/openresty/luajit/share/lua/5.1/frame/db/base/init.lua'
	no file '/usr/local/openresty/site/lualib/frame/db/base.so'
	no file '/usr/local/openresty/lualib/frame/db/base.so'
	no file './frame/db/base.so'
	no file '/usr/local/lib/lua/5.1/frame/db/base.so'
	no file '/usr/local/openresty/luajit/lib/lua/5.1/frame/db/base.so'
	no file '/usr/local/lib/lua/5.1/loadall.so'
	no file '/usr/local/openresty/site/lualib/frame.so'
	no file '/usr/local/openresty/lualib/frame.so'
	no file './frame.so'
	no file '/usr/local/lib/lua/5.1/frame.so'
	no file '/usr/local/openresty/luajit/lib/lua/5.1/frame.so'
	no file '/usr/local/lib/lua/5.1/loadall.so'
stack traceback:
coroutine 0:
	[C]: in function 'require'
	/Users/wanhehan/openresty/app/index.lua:1: in function </Users/wanhehan/openresty/app/index.lua:1>, client: 127.0.0.1, server: local.app.com, request: "GET /index HTTP/1.1", host: "local.app.com:8090"
2017/07/12 23:18:54 [notice] 4625#0: signal process started
2017/07/12 23:19:46 [notice] 4638#0: signal process started
2017/07/12 23:20:58 [notice] 4652#0: signal process started
